Arguments: 
  /Users/jakew/.nvm/versions/node/v10.16.0/bin/node /usr/local/Cellar/yarn/1.22.4/libexec/bin/yarn.js add temp_image.js

PATH: 
  /usr/local/Cellar/pyenv-virtualenv/1.1.5/shims:/usr/local/var/pyenv/shims:/Users/jakew/.nvm/versions/node/v10.16.0/bin:/Users/jakew/bin:/Users/jakew/.local/bin:/usr/local/bin:/usr/local/sbin:/usr/local/bin:/usr/bin:/bin:/usr/sbin:/sbin:/Library/Apple/usr/bin:/usr/local/Cellar/pyenv-virtualenv/1.1.5/shims:/usr/local/var/pyenv/shims:/Users/jakew/.nvm/versions/node/v10.16.0/bin:/Users/jakew/bin:/Users/jakew/.local/bin:/usr/local/sbin

Yarn version: 
  1.22.4

Node version: 
  10.16.0

Platform: 
  darwin x64

Trace: 
  Error: https://registry.yarnpkg.com/temp_image.js: Not found
      at Request.params.callback [as _callback] (/usr/local/Cellar/yarn/1.22.4/libexec/lib/cli.js:66987:18)
      at Request.self.callback (/usr/local/Cellar/yarn/1.22.4/libexec/lib/cli.js:140748:22)
      at Request.emit (events.js:198:13)
      at Request.<anonymous> (/usr/local/Cellar/yarn/1.22.4/libexec/lib/cli.js:141720:10)
      at Request.emit (events.js:198:13)
      at IncomingMessage.<anonymous> (/usr/local/Cellar/yarn/1.22.4/libexec/lib/cli.js:141642:12)
      at Object.onceWrapper (events.js:286:20)
      at IncomingMessage.emit (events.js:203:15)
      at endReadableNT (_stream_readable.js:1129:12)
      at process._tickCallback (internal/process/next_tick.js:63:19)

npm manifest: 
  {
    "name": "scrabble-oracle-ui",
    "version": "1.0.0",
    "description": "what is the optimal scrabble play",
    "main": "index.js",
    "repository": "git@github.com:jzwood/scrabble-oracle-ui.git",
    "author": "Jake Wood <jakew@captricity.com>",
    "license": "MIT",
    "dependencies": {
      "simple-homography": "^1.0.2"
    }
  }

yarn manifest: 
  No manifest

Lockfile: 
  # THIS IS AN AUTOGENERATED FILE. DO NOT EDIT THIS FILE DIRECTLY.
  # yarn lockfile v1
  
  
  "@types/mathjs@^6.0.2":
    version "6.0.5"
    resolved "https://registry.yarnpkg.com/@types/mathjs/-/mathjs-6.0.5.tgz#c3ddcb6e283461e12a93943a5aca0588d1071c18"
    integrity sha512-TqC+u57/XMwMoJB9KnvCj7sBoOBwLLS+O4kmBxy0cjkToPbKZt0jm0eYR2dbMKqvr/39ZdnoJ2qnK37qD0bp1A==
    dependencies:
      decimal.js "^10.0.0"
  
  complex.js@^2.0.11:
    version "2.0.11"
    resolved "https://registry.yarnpkg.com/complex.js/-/complex.js-2.0.11.tgz#09a873fbf15ffd8c18c9c2201ccef425c32b8bf1"
    integrity sha512-6IArJLApNtdg1P1dFtn3dnyzoZBEF0MwMnrfF1exSBRpZYoy4yieMkpZhQDC0uwctw48vii0CFVyHfpgZ/DfGw==
  
  decimal.js@^10.0.0, decimal.js@^10.2.0:
    version "10.2.0"
    resolved "https://registry.yarnpkg.com/decimal.js/-/decimal.js-10.2.0.tgz#39466113a9e036111d02f82489b5fd6b0b5ed231"
    integrity sha512-vDPw+rDgn3bZe1+F/pyEwb1oMG2XTlRVgAa6B4KccTEpYgF8w6eQllVbQcfIJnZyvzFtFpxnpGtx8dd7DJp/Rw==
  
  escape-latex@^1.2.0:
    version "1.2.0"
    resolved "https://registry.yarnpkg.com/escape-latex/-/escape-latex-1.2.0.tgz#07c03818cf7dac250cce517f4fda1b001ef2bca1"
    integrity sha512-nV5aVWW1K0wEiUIEdZ4erkGGH8mDxGyxSeqPzRNtWP7ataw+/olFObw7hujFWlVjNsaDFw5VZ5NzVSIqRgfTiw==
  
  fraction.js@^4.0.12:
    version "4.0.12"
    resolved "https://registry.yarnpkg.com/fraction.js/-/fraction.js-4.0.12.tgz#0526d47c65a5fb4854df78bc77f7bec708d7b8c3"
    integrity sha512-8Z1K0VTG4hzYY7kA/1sj4/r1/RWLBD3xwReT/RCrUCbzPszjNQCCsy3ktkU/eaEqX3MYa4pY37a52eiBlPMlhA==
  
  javascript-natural-sort@^0.7.1:
    version "0.7.1"
    resolved "https://registry.yarnpkg.com/javascript-natural-sort/-/javascript-natural-sort-0.7.1.tgz#f9e2303d4507f6d74355a73664d1440fb5a0ef59"
    integrity sha1-+eIwPUUH9tdDVac2ZNFED7Wg71k=
  
  mathjs@^6.2.5:
    version "6.6.5"
    resolved "https://registry.yarnpkg.com/mathjs/-/mathjs-6.6.5.tgz#6bbad1fa3ac09e8f7106ef64af8d3908f877b8e8"
    integrity sha512-jvRqk7eoEHBcx/lskmy05m+8M7xDHAJcJzRJoqIsqExtlTHPDQO0Zv85g5F0rasDAXF+DLog/70hcqCJijSzPQ==
    dependencies:
      complex.js "^2.0.11"
      decimal.js "^10.2.0"
      escape-latex "^1.2.0"
      fraction.js "^4.0.12"
      javascript-natural-sort "^0.7.1"
      seed-random "^2.2.0"
      tiny-emitter "^2.1.0"
      typed-function "^1.1.1"
  
  seed-random@^2.2.0:
    version "2.2.0"
    resolved "https://registry.yarnpkg.com/seed-random/-/seed-random-2.2.0.tgz#2a9b19e250a817099231a5b99a4daf80b7fbed54"
    integrity sha1-KpsZ4lCoFwmSMaW5mk2vgLf77VQ=
  
  simple-homography@^1.0.2:
    version "1.0.2"
    resolved "https://registry.yarnpkg.com/simple-homography/-/simple-homography-1.0.2.tgz#f8732570094a288a4164e278dff612a295045a0d"
    integrity sha512-1zrdijXw5G+ngzkyXvYuVTAxJS93Dg7UWoQZfkypbliFRxvPzWa0Xf+xDTx/lPwvJE3bhGm7G0VsiJGIqleX3Q==
    dependencies:
      "@types/mathjs" "^6.0.2"
      mathjs "^6.2.5"
  
  tiny-emitter@^2.1.0:
    version "2.1.0"
    resolved "https://registry.yarnpkg.com/tiny-emitter/-/tiny-emitter-2.1.0.tgz#1d1a56edfc51c43e863cbb5382a72330e3555423"
    integrity sha512-NB6Dk1A9xgQPMoGqC5CVXn123gWyte215ONT5Pp5a0yt4nlEoO1ZWeCwpncaekPHXO60i47ihFnZPiRPjRMq4Q==
  
  typed-function@^1.1.1:
    version "1.1.1"
    resolved "https://registry.yarnpkg.com/typed-function/-/typed-function-1.1.1.tgz#a1316187ec3628c9e219b91ca96918660a10138e"
    integrity sha512-RbN7MaTQBZLJYzDENHPA0nUmWT0Ex80KHItprrgbTPufYhIlTePvCXZxyQK7wgn19FW5bnuaBIKcBb5mRWjB1Q==
